[debug] ----------------------------------------------------------------------
[debug] Command:      /usr/local/bin/node /usr/local/bin/firebase serve
[debug] CLI Version:  3.2.1
[debug] Platform:     linux
[debug] Node Version: v4.5.0
[debug] Time:         Tue Jan 10 2017 16:29:17 GMT-0200 (BRST)
[debug] ----------------------------------------------------------------------
[debug] 
[info] Starting Firebase development server...
[info] 
[info] Project Directory: /home/danilo/Dropbox/Computer_Science/Mobile/projetoProfParticular/projetoProfParticular/profParticularAdminSite
[info] Public Directory: public
[info] 
[info] Server listening at: http://localhost:5000
[info] Shutting down...
[info] Shutting down...
[info] Shutting down...
[info] Shutting down...
[info] Shutting down...
[info] Shutting down...
[info] Shutting down...
[debug] ----------------------------------------------------------------------
[debug] Command:      /usr/local/bin/node /usr/local/bin/firebase serve
[debug] CLI Version:  3.2.1
[debug] Platform:     linux
[debug] Node Version: v4.5.0
[debug] Time:         Tue Jan 10 2017 16:36:47 GMT-0200 (BRST)
[debug] ----------------------------------------------------------------------
[debug] 
[info] Starting Firebase development server...
[info] 
[info] Project Directory: /home/danilo/Dropbox/Computer_Science/Mobile/projetoProfParticular/projetoProfParticular/profParticularAdminSite
[info] Public Directory: public
[info] 
[info] Server listening at: http://localhost:5000
[debug] ----------------------------------------------------------------------
[debug] Command:      /usr/local/bin/node /usr/local/bin/firebase serve
[debug] CLI Version:  3.2.1
[debug] Platform:     linux
[debug] Node Version: v4.5.0
[debug] Time:         Wed Jan 11 2017 20:00:19 GMT-0200 (BRST)
[debug] ----------------------------------------------------------------------
[debug] 
[info] Starting Firebase development server...
[info] 
[info] Project Directory: /home/danilo/Dropbox/Computer_Science/Mobile/projetoProfParticular/projetoProfParticular/profParticularAdminSite
[info] Public Directory: public
[info] 
[info] Server listening at: http://localhost:5000
